0 info it worked if it ends with ok
1 verbose cli [ '/usr/local/bin/node', '/usr/local/bin/npm', 'publish' ]
2 info using npm@3.8.9
3 info using node@v6.2.0
4 verbose publish [ '.' ]
5 silly cache add args [ '.', null ]
6 verbose cache add spec .
7 silly cache add parsed spec Result {
7 silly cache add   raw: '.',
7 silly cache add   scope: null,
7 silly cache add   name: null,
7 silly cache add   rawSpec: '.',
7 silly cache add   spec: '/root/workspace/sqlite-helper',
7 silly cache add   type: 'directory' }
8 verbose addLocalDirectory /root/.npm/sqlite-helper/0.0.1/package.tgz not in flight; packing
9 verbose correctMkdir /root/.npm correctMkdir not in flight; initializing
10 info lifecycle sqlite-helper@0.0.1~prepublish: sqlite-helper@0.0.1
11 silly lifecycle sqlite-helper@0.0.1~prepublish: no script for prepublish, continuing
12 verbose tar pack [ '/root/.npm/sqlite-helper/0.0.1/package.tgz',
12 verbose tar pack   '/root/workspace/sqlite-helper' ]
13 verbose tarball /root/.npm/sqlite-helper/0.0.1/package.tgz
14 verbose folder /root/workspace/sqlite-helper
15 verbose addLocalTarball adding from inside cache /root/.npm/sqlite-helper/0.0.1/package.tgz
16 verbose correctMkdir /root/.npm correctMkdir not in flight; initializing
17 silly cache afterAdd sqlite-helper@0.0.1
18 verbose afterAdd /root/.npm/sqlite-helper/0.0.1/package/package.json not in flight; writing
19 verbose correctMkdir /root/.npm correctMkdir not in flight; initializing
20 verbose afterAdd /root/.npm/sqlite-helper/0.0.1/package/package.json written
21 silly publish { name: 'sqlite-helper',
21 silly publish   version: '0.0.1',
21 silly publish   description: 'sqlite3 helper',
21 silly publish   main: 'index.js',
21 silly publish   scripts: { test: 'echo "Error: no test specified" && exit 1' },
21 silly publish   repository:
21 silly publish    { type: 'git',
21 silly publish      url: 'git+https://github.com/codehz/sqlite-helper.git' },
21 silly publish   keywords: [ 'sqlite3' ],
21 silly publish   author: { name: 'CodeHz' },
21 silly publish   license: 'MIT',
21 silly publish   bugs: { url: 'https://github.com/codehz/sqlite-helper/issues' },
21 silly publish   homepage: 'https://github.com/codehz/sqlite-helper#readme',
21 silly publish   dependencies: { co: '^4.6.0', sqlite3: '^3.1.4' },
21 silly publish   devDependencies: { chai: '^3.5.0', mocha: '^2.4.5' },
21 silly publish   readme: '# SQLITE HELPER\nA simple sqlite helper library\n\n```\nconst DB = require(\'sqlite-helper\');\nconst co = require(\'co\');\n\nlet db = new DB(\'test.db\');\n\nlet createCommand = db._test.create()\n    ._id(\'INTEGER\', { primary: true, unique: true })\n    ._name(\'TEXT\', { default: \'test\' })\n    ._info(\'TEXT\')\n    .build();\n\nco(function*() {\n        yield createCommand.exec();\n        console.log(\'createCommand\');\n        let insertCommand = db._test.insert(\'name\', \'info\')\n            .build();\n        let selectCommand = db._test.select(\'id\', \'name\', \'info\')\n            .limit(10, 0)\n            .build();\n        yield insertCommand.exec({ $name: \'TEST NAME\', $info: \'INFO\' });\n        console.log(yield selectCommand.exec());\n    })\n    .catch(err => {\n        console.log(err);\n    });\n\n```',
21 silly publish   readmeFilename: 'README.md',
21 silly publish   gitHead: '61250ba365707196eba0bbc70c4c5f885c24a052',
21 silly publish   _id: 'sqlite-helper@0.0.1',
21 silly publish   _shasum: '4aa99440cba281cc9a52ab70fe90c577e05d81f1',
21 silly publish   _from: '.' }
22 verbose getPublishConfig undefined
23 silly mapToRegistry name sqlite-helper
24 silly mapToRegistry using default registry
25 silly mapToRegistry registry https://registry.npmjs.org/
26 silly mapToRegistry data Result {
26 silly mapToRegistry   raw: 'sqlite-helper',
26 silly mapToRegistry   scope: null,
26 silly mapToRegistry   name: 'sqlite-helper',
26 silly mapToRegistry   rawSpec: '',
26 silly mapToRegistry   spec: 'latest',
26 silly mapToRegistry   type: 'tag' }
27 silly mapToRegistry uri https://registry.npmjs.org/sqlite-helper
28 verbose publish registryBase https://registry.npmjs.org/
29 silly publish uploading /root/.npm/sqlite-helper/0.0.1/package.tgz
30 verbose request uri https://registry.npmjs.org/sqlite-helper
31 verbose request sending authorization for write operation
32 info attempt registry request try #1 at 12:56:22 PM
33 verbose request using bearer token for auth
34 verbose request id d77b9ba10dcb0efd
35 http request PUT https://registry.npmjs.org/sqlite-helper
36 http 403 https://registry.npmjs.org/sqlite-helper
37 verbose headers { 'content-type': 'application/json',
37 verbose headers   'cache-control': 'max-age=300',
37 verbose headers   'content-length': '128',
37 verbose headers   'accept-ranges': 'bytes',
37 verbose headers   date: 'Thu, 19 May 2016 09:56:23 GMT',
37 verbose headers   via: '1.1 varnish',
37 verbose headers   connection: 'keep-alive',
37 verbose headers   'x-served-by': 'cache-ord1734-ORD',
37 verbose headers   'x-cache': 'MISS',
37 verbose headers   'x-cache-hits': '0',
37 verbose headers   'x-timer': 'S1463651782.887927,VS0,VE760',
37 verbose headers   vary: 'Accept-Encoding' }
38 verbose request invalidating /root/.npm/registry.npmjs.org/sqlite-helper on PUT
39 error publish Failed PUT 403
40 verbose stack Error: "You cannot publish over the previously published version 0.0.1. Try bumping the version to 2.0.0" : sqlite-helper
40 verbose stack     at makeError (/usr/local/lib/node_modules/npm/node_modules/npm-registry-client/lib/request.js:264:12)
40 verbose stack     at CachingRegistryClient.<anonymous> (/usr/local/lib/node_modules/npm/node_modules/npm-registry-client/lib/request.js:252:14)
40 verbose stack     at Request._callback (/usr/local/lib/node_modules/npm/node_modules/npm-registry-client/lib/request.js:172:14)
40 verbose stack     at Request.self.callback (/usr/local/lib/node_modules/npm/node_modules/request/request.js:200:22)
40 verbose stack     at emitTwo (events.js:106:13)
40 verbose stack     at Request.emit (events.js:191:7)
40 verbose stack     at Request.<anonymous> (/usr/local/lib/node_modules/npm/node_modules/request/request.js:1067:10)
40 verbose stack     at emitOne (events.js:101:20)
40 verbose stack     at Request.emit (events.js:188:7)
40 verbose stack     at IncomingMessage.<anonymous> (/usr/local/lib/node_modules/npm/node_modules/request/request.js:988:12)
41 verbose statusCode 403
42 verbose pkgid sqlite-helper
43 verbose cwd /root/workspace/sqlite-helper
44 error Linux 2.6.32-042stab108.8
45 error argv "/usr/local/bin/node" "/usr/local/bin/npm" "publish"
46 error node v6.2.0
47 error npm  v3.8.9
48 error code E403
49 error "You cannot publish over the previously published version 0.0.1. Try bumping the version to 2.0.0" : sqlite-helper
50 error If you need help, you may report this error at:
50 error     <https://github.com/npm/npm/issues>
51 verbose exit [ 1, true ]
